<?xml version="1.0" encoding="UTF-8"?>
<!-- Generated by org.testng.reporters.JUnitReportReporter -->
<testsuite skipped="0" hostname="DESKTOP-61OVGDS" name="LoginAsCM.CmmSanity" tests="5" failures="0" timestamp="21 Aug 2019 11:57:36 GMT" time="369.999" errors="0">
  <testcase name="VerifyPageTitle" time="83.205" classname="LoginAsCM.CmmSanity"/>
  <testcase name="login_As_Super_Admin" time="69.465" classname="LoginAsCM.CmmSanity"/>
  <testcase name="verifyLogo" time="56.726" classname="LoginAsCM.CmmSanity"/>
  <testcase name="login_As_Community_Manager" time="78.247" classname="LoginAsCM.CmmSanity"/>
  <testcase name="login_As_Admin" time="82.356" classname="LoginAsCM.CmmSanity"/>
</testsuite> <!-- LoginAsCM.CmmSanity -->
